<?xml version="1.0" encoding="UTF-8"?>
<!-- Generated by org.testng.reporters.JUnitXMLReporter -->
<testsuite hostname="Hp" name="RegressionTest" tests="4" failures="0" timestamp="25 Aug 2018 06:09:08 GMT" time="112.389" errors="0">
  <testcase name="testHomePage" time="10.074" classname="testcases.VerifyLoginPageWithReports"/>
  <testcase name="testHomePage" time="23.293" classname="testcases.VerifyLoginPageWithReports1"/>
  <testcase name="testHomePage" time="19.402" classname="testcases.VerifyLoginPage"/>
  <testcase name="testHomePage" time="0.073" classname="testcases.VerifyHomePage"/>
</testsuite> <!-- RegressionTest -->
